13.02.2023 01:56:38.212 [main] INFO   c.s.Application - Starting Application using Java 11 on WIN-H6PHLIP40OV with PID 11744 (C:\Users\user\IdeaProjects\CrudBoost\target\classes started by user in C:\Users\user\IdeaProjects\CrudBoost)
13.02.2023 01:56:38.237 [main] INFO   c.s.Application - No active profile set, falling back to 1 default profile: "default"
13.02.2023 01:56:41.325 [main] INFO   o.s.d.r.c.RepositoryConfigurationDelegate - Bootstrapping Spring Data JPA repositories in DEFAULT mode.
13.02.2023 01:56:41.569 [main] INFO   o.s.d.r.c.RepositoryConfigurationDelegate - Finished Spring Data repository scanning in 211 ms. Found 2 JPA repository interfaces.
13.02.2023 01:56:44.289 [main] INFO   o.s.b.w.e.t.TomcatWebServer - Tomcat initialized with port(s): 8080 (http)
13.02.2023 01:56:44.325 [main] INFO   o.a.c.h.Http11NioProtocol - Initializing ProtocolHandler ["http-nio-8080"]
13.02.2023 01:56:44.327 [main] INFO   o.a.c.c.StandardService - Starting service [Tomcat]
13.02.2023 01:56:44.329 [main] INFO   o.a.c.c.StandardEngine - Starting Servlet engine: [Apache Tomcat/9.0.60]
13.02.2023 01:56:45.007 [main] INFO   o.a.c.c.C.[.[.[/] - Initializing Spring embedded WebApplicationContext
13.02.2023 01:56:45.008 [main] INFO   o.s.b.w.s.c.ServletWebServerApplicationContext - Root WebApplicationContext: initialization completed in 6562 ms
13.02.2023 01:56:46.104 [main] INFO   c.z.h.HikariDataSource - HikariPool-1 - Starting...
13.02.2023 01:56:46.768 [main] INFO   c.z.h.HikariDataSource - HikariPool-1 - Start completed.
13.02.2023 01:56:47.510 [main] INFO   liquibase.database - Set default schema name to public
13.02.2023 01:56:47.871 [main] INFO   l.lockservice - Successfully acquired change log lock
13.02.2023 01:56:49.382 [main] INFO   liquibase.changelog - Reading from public.databasechangelog
13.02.2023 01:56:49.642 [main] INFO   l.lockservice - Successfully released change log lock
13.02.2023 01:56:49.645 [main] WARN   o.s.b.w.s.c.AnnotationConfigServletWebServerApplicationContext - Exception encountered during context initialization - cancelling refresh attempt: org.springframework.beans.factory.BeanCreationException: Error creating bean with name 'liquibase' defined in class path resource [org/springframework/boot/autoconfigure/liquibase/LiquibaseAutoConfiguration$LiquibaseConfiguration.class]: Invocation of init method failed; nested exception is liquibase.exception.LiquibaseException: liquibase.exception.MigrationFailedException: Migration failed for change set db.changelog/user-table/insert_user.xml::Rest-app-2::Musheg Simonyan:
     Reason: liquibase.exception.DatabaseException: ОШИБКА: повторяющееся значение ключа нарушает ограничение уникальности "users_pkey"
  Подробности: Ключ "(id)=(1)" уже существует. [Failed SQL: (0) insert into users
	VALUES ('1', 'admin', 'admin', 111, 'admin', '$2a$12$DuPC0PKn/2CzBk/9vmjAheqZHUqKkx3TeBgJX0zVE0JRuJnSy4LPm')]
13.02.2023 01:56:49.647 [main] INFO   c.z.h.HikariDataSource - HikariPool-1 - Shutdown initiated...
13.02.2023 01:56:49.668 [main] INFO   c.z.h.HikariDataSource - HikariPool-1 - Shutdown completed.
13.02.2023 01:56:49.677 [main] INFO   o.a.c.c.StandardService - Stopping service [Tomcat]
13.02.2023 01:56:49.732 [main] INFO   o.s.b.a.l.ConditionEvaluationReportLoggingListener - 

Error starting ApplicationContext. To display the conditions report re-run your application with 'debug' enabled.
13.02.2023 01:56:49.779 [main] ERROR  o.s.b.SpringApplication - Application run failed
org.springframework.beans.factory.BeanCreationException: Error creating bean with name 'liquibase' defined in class path resource [org/springframework/boot/autoconfigure/liquibase/LiquibaseAutoConfiguration$LiquibaseConfiguration.class]: Invocation of init method failed; nested exception is liquibase.exception.LiquibaseException: liquibase.exception.MigrationFailedException: Migration failed for change set db.changelog/user-table/insert_user.xml::Rest-app-2::Musheg Simonyan:
     Reason: liquibase.exception.DatabaseException: ОШИБКА: повторяющееся значение ключа нарушает ограничение уникальности "users_pkey"
  Подробности: Ключ "(id)=(1)" уже существует. [Failed SQL: (0) insert into users
	VALUES ('1', 'admin', 'admin', 111, 'admin', '$2a$12$DuPC0PKn/2CzBk/9vmjAheqZHUqKkx3TeBgJX0zVE0JRuJnSy4LPm')]
	at org.springframework.beans.factory.support.AbstractAutowireCapableBeanFactory.initializeBean(AbstractAutowireCapableBeanFactory.java:1804)
	at org.springframework.beans.factory.support.AbstractAutowireCapableBeanFactory.doCreateBean(AbstractAutowireCapableBeanFactory.java:620)
	at org.springframework.beans.factory.support.AbstractAutowireCapableBeanFactory.createBean(AbstractAutowireCapableBeanFactory.java:542)
	at org.springframework.beans.factory.support.AbstractBeanFactory.lambda$doGetBean$0(AbstractBeanFactory.java:335)
	at org.springframework.beans.factory.support.DefaultSingletonBeanRegistry.getSingleton(DefaultSingletonBeanRegistry.java:234)
	at org.springframework.beans.factory.support.AbstractBeanFactory.doGetBean(AbstractBeanFactory.java:333)
	at org.springframework.beans.factory.support.AbstractBeanFactory.getBean(AbstractBeanFactory.java:208)
	at org.springframework.beans.factory.support.AbstractBeanFactory.doGetBean(AbstractBeanFactory.java:322)
	at org.springframework.beans.factory.support.AbstractBeanFactory.getBean(AbstractBeanFactory.java:208)
	at org.springframework.context.support.AbstractApplicationContext.getBean(AbstractApplicationContext.java:1154)
	at org.springframework.context.support.AbstractApplicationContext.finishBeanFactoryInitialization(AbstractApplicationContext.java:908)
	at org.springframework.context.support.AbstractApplicationContext.refresh(AbstractApplicationContext.java:583)
	at org.springframework.boot.web.servlet.context.ServletWebServerApplicationContext.refresh(ServletWebServerApplicationContext.java:145)
	at org.springframework.boot.SpringApplication.refresh(SpringApplication.java:740)
	at org.springframework.boot.SpringApplication.refreshContext(SpringApplication.java:415)
	at org.springframework.boot.SpringApplication.run(SpringApplication.java:303)
	at org.springframework.boot.SpringApplication.run(SpringApplication.java:1312)
	at org.springframework.boot.SpringApplication.run(SpringApplication.java:1301)
	at com.springboot.Application.main(Application.java:10)
Caused by: liquibase.exception.LiquibaseException: liquibase.exception.MigrationFailedException: Migration failed for change set db.changelog/user-table/insert_user.xml::Rest-app-2::Musheg Simonyan:
     Reason: liquibase.exception.DatabaseException: ОШИБКА: повторяющееся значение ключа нарушает ограничение уникальности "users_pkey"
  Подробности: Ключ "(id)=(1)" уже существует. [Failed SQL: (0) insert into users
	VALUES ('1', 'admin', 'admin', 111, 'admin', '$2a$12$DuPC0PKn/2CzBk/9vmjAheqZHUqKkx3TeBgJX0zVE0JRuJnSy4LPm')]
	at liquibase.changelog.ChangeLogIterator.run(ChangeLogIterator.java:126)
	at liquibase.Liquibase.lambda$null$0(Liquibase.java:265)
	at liquibase.Scope.lambda$child$0(Scope.java:180)
	at liquibase.Scope.child(Scope.java:189)
	at liquibase.Scope.child(Scope.java:179)
	at liquibase.Scope.child(Scope.java:158)
	at liquibase.Scope.child(Scope.java:243)
	at liquibase.Liquibase.lambda$update$1(Liquibase.java:264)
	at liquibase.Scope.lambda$child$0(Scope.java:180)
	at liquibase.Scope.child(Scope.java:189)
	at liquibase.Scope.child(Scope.java:179)
	at liquibase.Scope.child(Scope.java:158)
	at liquibase.Liquibase.runInScope(Liquibase.java:2405)
	at liquibase.Liquibase.update(Liquibase.java:211)
	at liquibase.Liquibase.update(Liquibase.java:197)
	at liquibase.integration.spring.SpringLiquibase.performUpdate(SpringLiquibase.java:314)
	at liquibase.integration.spring.SpringLiquibase.afterPropertiesSet(SpringLiquibase.java:269)
	at org.springframework.beans.factory.support.AbstractAutowireCapableBeanFactory.invokeInitMethods(AbstractAutowireCapableBeanFactory.java:1863)
	at org.springframework.beans.factory.support.AbstractAutowireCapableBeanFactory.initializeBean(AbstractAutowireCapableBeanFactory.java:1800)
	... 18 common frames omitted
Caused by: liquibase.exception.MigrationFailedException: Migration failed for change set db.changelog/user-table/insert_user.xml::Rest-app-2::Musheg Simonyan:
     Reason: liquibase.exception.DatabaseException: ОШИБКА: повторяющееся значение ключа нарушает ограничение уникальности "users_pkey"
  Подробности: Ключ "(id)=(1)" уже существует. [Failed SQL: (0) insert into users
	VALUES ('1', 'admin', 'admin', 111, 'admin', '$2a$12$DuPC0PKn/2CzBk/9vmjAheqZHUqKkx3TeBgJX0zVE0JRuJnSy4LPm')]
	at liquibase.changelog.ChangeSet.execute(ChangeSet.java:696)
	at liquibase.changelog.visitor.UpdateVisitor.visit(UpdateVisitor.java:56)
	at liquibase.changelog.ChangeLogIterator$2.lambda$null$0(ChangeLogIterator.java:113)
	at liquibase.Scope.lambda$child$0(Scope.java:180)
	at liquibase.Scope.child(Scope.java:189)
	at liquibase.Scope.child(Scope.java:179)
	at liquibase.Scope.child(Scope.java:158)
	at liquibase.changelog.ChangeLogIterator$2.lambda$run$1(ChangeLogIterator.java:112)
	at liquibase.Scope.lambda$child$0(Scope.java:180)
	at liquibase.Scope.child(Scope.java:189)
	at liquibase.Scope.child(Scope.java:179)
	at liquibase.Scope.child(Scope.java:158)
	at liquibase.Scope.child(Scope.java:243)
	at liquibase.changelog.ChangeLogIterator$2.run(ChangeLogIterator.java:93)
	at liquibase.Scope.lambda$child$0(Scope.java:180)
	at liquibase.Scope.child(Scope.java:189)
	at liquibase.Scope.child(Scope.java:179)
	at liquibase.Scope.child(Scope.java:158)
	at liquibase.Scope.child(Scope.java:243)
	at liquibase.Scope.child(Scope.java:247)
	at liquibase.changelog.ChangeLogIterator.run(ChangeLogIterator.java:65)
	... 36 common frames omitted
Caused by: liquibase.exception.DatabaseException: ОШИБКА: повторяющееся значение ключа нарушает ограничение уникальности "users_pkey"
  Подробности: Ключ "(id)=(1)" уже существует. [Failed SQL: (0) insert into users
	VALUES ('1', 'admin', 'admin', 111, 'admin', '$2a$12$DuPC0PKn/2CzBk/9vmjAheqZHUqKkx3TeBgJX0zVE0JRuJnSy4LPm')]
	at liquibase.executor.jvm.JdbcExecutor$ExecuteStatementCallback.doInStatement(JdbcExecutor.java:397)
	at liquibase.executor.jvm.JdbcExecutor.execute(JdbcExecutor.java:83)
	at liquibase.executor.jvm.JdbcExecutor.execute(JdbcExecutor.java:151)
	at liquibase.database.AbstractJdbcDatabase.execute(AbstractJdbcDatabase.java:1279)
	at liquibase.database.AbstractJdbcDatabase.executeStatements(AbstractJdbcDatabase.java:1261)
	at liquibase.changelog.ChangeSet.execute(ChangeSet.java:661)
	... 56 common frames omitted
Caused by: org.postgresql.util.PSQLException: ОШИБКА: повторяющееся значение ключа нарушает ограничение уникальности "users_pkey"
  Подробности: Ключ "(id)=(1)" уже существует.
	at org.postgresql.core.v3.QueryExecutorImpl.receiveErrorResponse(QueryExecutorImpl.java:2675)
	at org.postgresql.core.v3.QueryExecutorImpl.processResults(QueryExecutorImpl.java:2365)
	at org.postgresql.core.v3.QueryExecutorImpl.execute(QueryExecutorImpl.java:355)
	at org.postgresql.jdbc.PgStatement.executeInternal(PgStatement.java:490)
	at org.postgresql.jdbc.PgStatement.execute(PgStatement.java:408)
	at org.postgresql.jdbc.PgStatement.executeWithFlags(PgStatement.java:329)
	at org.postgresql.jdbc.PgStatement.executeCachedSql(PgStatement.java:315)
	at org.postgresql.jdbc.PgStatement.executeWithFlags(PgStatement.java:291)
	at org.postgresql.jdbc.PgStatement.execute(PgStatement.java:286)
	at com.zaxxer.hikari.pool.ProxyStatement.execute(ProxyStatement.java:94)
	at com.zaxxer.hikari.pool.HikariProxyStatement.execute(HikariProxyStatement.java)
	at liquibase.executor.jvm.JdbcExecutor$ExecuteStatementCallback.doInStatement(JdbcExecutor.java:393)
	... 61 common frames omitted
13.02.2023 01:57:33.725 [main] INFO   c.s.Application - Starting Application using Java 11 on WIN-H6PHLIP40OV with PID 8552 (C:\Users\user\IdeaProjects\CrudBoost\target\classes started by user in C:\Users\user\IdeaProjects\CrudBoost)
13.02.2023 01:57:33.734 [main] INFO   c.s.Application - No active profile set, falling back to 1 default profile: "default"
13.02.2023 01:57:36.791 [main] INFO   o.s.d.r.c.RepositoryConfigurationDelegate - Bootstrapping Spring Data JPA repositories in DEFAULT mode.
13.02.2023 01:57:37.057 [main] INFO   o.s.d.r.c.RepositoryConfigurationDelegate - Finished Spring Data repository scanning in 203 ms. Found 2 JPA repository interfaces.
13.02.2023 01:57:40.224 [main] INFO   o.s.b.w.e.t.TomcatWebServer - Tomcat initialized with port(s): 8080 (http)
13.02.2023 01:57:40.255 [main] INFO   o.a.c.h.Http11NioProtocol - Initializing ProtocolHandler ["http-nio-8080"]
13.02.2023 01:57:40.263 [main] INFO   o.a.c.c.StandardService - Starting service [Tomcat]
13.02.2023 01:57:40.264 [main] INFO   o.a.c.c.StandardEngine - Starting Servlet engine: [Apache Tomcat/9.0.60]
13.02.2023 01:57:40.703 [main] INFO   o.a.c.c.C.[.[.[/] - Initializing Spring embedded WebApplicationContext
13.02.2023 01:57:40.704 [main] INFO   o.s.b.w.s.c.ServletWebServerApplicationContext - Root WebApplicationContext: initialization completed in 6705 ms
13.02.2023 01:57:41.926 [main] INFO   c.z.h.HikariDataSource - HikariPool-1 - Starting...
13.02.2023 01:57:42.538 [main] INFO   c.z.h.HikariDataSource - HikariPool-1 - Start completed.
13.02.2023 01:57:43.342 [main] INFO   liquibase.database - Set default schema name to public
13.02.2023 01:57:43.744 [main] INFO   l.lockservice - Successfully acquired change log lock
13.02.2023 01:57:46.069 [main] INFO   liquibase.changelog - Reading from public.databasechangelog
13.02.2023 01:57:46.310 [main] INFO   l.lockservice - Successfully released change log lock
13.02.2023 01:57:46.978 [main] INFO   o.h.j.i.u.LogHelper - HHH000204: Processing PersistenceUnitInfo [name: default]
13.02.2023 01:57:47.224 [main] INFO   o.hibernate.Version - HHH000412: Hibernate ORM core version 5.6.7.Final
13.02.2023 01:57:48.102 [main] INFO   o.h.a.common.Version - HCANN000001: Hibernate Commons Annotations {5.1.2.Final}
13.02.2023 01:57:48.558 [main] INFO   o.h.dialect.Dialect - HHH000400: Using dialect: org.hibernate.dialect.MySQL8Dialect
13.02.2023 01:57:49.115 [main] ERROR  o.s.o.j.LocalContainerEntityManagerFactoryBean - Failed to initialize JPA EntityManagerFactory: @Column(s) not allowed on a @ManyToOne property: com.springboot.model.District.user
13.02.2023 01:57:49.117 [main] WARN   o.s.b.w.s.c.AnnotationConfigServletWebServerApplicationContext - Exception encountered during context initialization - cancelling refresh attempt: org.springframework.beans.factory.BeanCreationException: Error creating bean with name 'entityManagerFactory' defined in class path resource [org/springframework/boot/autoconfigure/orm/jpa/HibernateJpaConfiguration.class]: Invocation of init method failed; nested exception is org.hibernate.AnnotationException: @Column(s) not allowed on a @ManyToOne property: com.springboot.model.District.user
13.02.2023 01:57:49.118 [main] INFO   c.z.h.HikariDataSource - HikariPool-1 - Shutdown initiated...
13.02.2023 01:57:49.159 [main] INFO   c.z.h.HikariDataSource - HikariPool-1 - Shutdown completed.
13.02.2023 01:57:49.171 [main] INFO   o.a.c.c.StandardService - Stopping service [Tomcat]
13.02.2023 01:57:49.235 [main] INFO   o.s.b.a.l.ConditionEvaluationReportLoggingListener - 

Error starting ApplicationContext. To display the conditions report re-run your application with 'debug' enabled.
13.02.2023 01:57:49.359 [main] ERROR  o.s.b.SpringApplication - Application run failed
org.springframework.beans.factory.BeanCreationException: Error creating bean with name 'entityManagerFactory' defined in class path resource [org/springframework/boot/autoconfigure/orm/jpa/HibernateJpaConfiguration.class]: Invocation of init method failed; nested exception is org.hibernate.AnnotationException: @Column(s) not allowed on a @ManyToOne property: com.springboot.model.District.user
	at org.springframework.beans.factory.support.AbstractAutowireCapableBeanFactory.initializeBean(AbstractAutowireCapableBeanFactory.java:1804)
	at org.springframework.beans.factory.support.AbstractAutowireCapableBeanFactory.doCreateBean(AbstractAutowireCapableBeanFactory.java:620)
	at org.springframework.beans.factory.support.AbstractAutowireCapableBeanFactory.createBean(AbstractAutowireCapableBeanFactory.java:542)
	at org.springframework.beans.factory.support.AbstractBeanFactory.lambda$doGetBean$0(AbstractBeanFactory.java:335)
	at org.springframework.beans.factory.support.DefaultSingletonBeanRegistry.getSingleton(DefaultSingletonBeanRegistry.java:234)
	at org.springframework.beans.factory.support.AbstractBeanFactory.doGetBean(AbstractBeanFactory.java:333)
	at org.springframework.beans.factory.support.AbstractBeanFactory.getBean(AbstractBeanFactory.java:208)
	at org.springframework.context.support.AbstractApplicationContext.getBean(AbstractApplicationContext.java:1154)
	at org.springframework.context.support.AbstractApplicationContext.finishBeanFactoryInitialization(AbstractApplicationContext.java:908)
	at org.springframework.context.support.AbstractApplicationContext.refresh(AbstractApplicationContext.java:583)
	at org.springframework.boot.web.servlet.context.ServletWebServerApplicationContext.refresh(ServletWebServerApplicationContext.java:145)
	at org.springframework.boot.SpringApplication.refresh(SpringApplication.java:740)
	at org.springframework.boot.SpringApplication.refreshContext(SpringApplication.java:415)
	at org.springframework.boot.SpringApplication.run(SpringApplication.java:303)
	at org.springframework.boot.SpringApplication.run(SpringApplication.java:1312)
	at org.springframework.boot.SpringApplication.run(SpringApplication.java:1301)
	at com.springboot.Application.main(Application.java:10)
Caused by: org.hibernate.AnnotationException: @Column(s) not allowed on a @ManyToOne property: com.springboot.model.District.user
	at org.hibernate.cfg.AnnotationBinder.processElementAnnotations(AnnotationBinder.java:1794)
	at org.hibernate.cfg.AnnotationBinder.processIdPropertiesIfNotAlready(AnnotationBinder.java:968)
	at org.hibernate.cfg.AnnotationBinder.bindClass(AnnotationBinder.java:793)
	at org.hibernate.boot.model.source.internal.annotations.AnnotationMetadataSourceProcessorImpl.processEntityHierarchies(AnnotationMetadataSourceProcessorImpl.java:225)
	at org.hibernate.boot.model.process.spi.MetadataBuildingProcess$1.processEntityHierarchies(MetadataBuildingProcess.java:239)
	at org.hibernate.boot.model.process.spi.MetadataBuildingProcess.complete(MetadataBuildingProcess.java:282)
	at org.hibernate.jpa.boot.internal.EntityManagerFactoryBuilderImpl.metadata(EntityManagerFactoryBuilderImpl.java:1460)
	at org.hibernate.jpa.boot.internal.EntityManagerFactoryBuilderImpl.build(EntityManagerFactoryBuilderImpl.java:1494)
	at org.springframework.orm.jpa.vendor.SpringHibernateJpaPersistenceProvider.createContainerEntityManagerFactory(SpringHibernateJpaPersistenceProvider.java:58)
	at org.springframework.orm.jpa.LocalContainerEntityManagerFactoryBean.createNativeEntityManagerFactory(LocalContainerEntityManagerFactoryBean.java:365)
	at org.springframework.orm.jpa.AbstractEntityManagerFactoryBean.buildNativeEntityManagerFactory(AbstractEntityManagerFactoryBean.java:409)
	at org.springframework.orm.jpa.AbstractEntityManagerFactoryBean.afterPropertiesSet(AbstractEntityManagerFactoryBean.java:396)
	at org.springframework.orm.jpa.LocalContainerEntityManagerFactoryBean.afterPropertiesSet(LocalContainerEntityManagerFactoryBean.java:341)
	at org.springframework.beans.factory.support.AbstractAutowireCapableBeanFactory.invokeInitMethods(AbstractAutowireCapableBeanFactory.java:1863)
	at org.springframework.beans.factory.support.AbstractAutowireCapableBeanFactory.initializeBean(AbstractAutowireCapableBeanFactory.java:1800)
	... 16 common frames omitted
13.02.2023 01:58:22.745 [main] INFO   c.s.Application - Starting Application using Java 11 on WIN-H6PHLIP40OV with PID 2028 (C:\Users\user\IdeaProjects\CrudBoost\target\classes started by user in C:\Users\user\IdeaProjects\CrudBoost)
13.02.2023 01:58:23.447 [main] INFO   c.s.Application - No active profile set, falling back to 1 default profile: "default"
13.02.2023 01:58:28.326 [main] INFO   o.s.d.r.c.RepositoryConfigurationDelegate - Bootstrapping Spring Data JPA repositories in DEFAULT mode.
13.02.2023 01:58:28.598 [main] INFO   o.s.d.r.c.RepositoryConfigurationDelegate - Finished Spring Data repository scanning in 239 ms. Found 2 JPA repository interfaces.
13.02.2023 01:58:32.301 [main] INFO   o.s.b.w.e.t.TomcatWebServer - Tomcat initialized with port(s): 8080 (http)
13.02.2023 01:58:32.333 [main] INFO   o.a.c.h.Http11NioProtocol - Initializing ProtocolHandler ["http-nio-8080"]
13.02.2023 01:58:32.334 [main] INFO   o.a.c.c.StandardService - Starting service [Tomcat]
13.02.2023 01:58:32.335 [main] INFO   o.a.c.c.StandardEngine - Starting Servlet engine: [Apache Tomcat/9.0.60]
13.02.2023 01:58:32.865 [main] INFO   o.a.c.c.C.[.[.[/] - Initializing Spring embedded WebApplicationContext
13.02.2023 01:58:32.866 [main] INFO   o.s.b.w.s.c.ServletWebServerApplicationContext - Root WebApplicationContext: initialization completed in 9247 ms
13.02.2023 01:58:34.121 [main] INFO   c.z.h.HikariDataSource - HikariPool-1 - Starting...
13.02.2023 01:58:34.797 [main] INFO   c.z.h.HikariDataSource - HikariPool-1 - Start completed.
13.02.2023 01:58:35.654 [main] INFO   liquibase.database - Set default schema name to public
13.02.2023 01:58:36.057 [main] INFO   l.lockservice - Successfully acquired change log lock
13.02.2023 01:58:38.407 [main] INFO   liquibase.changelog - Reading from public.databasechangelog
13.02.2023 01:58:38.742 [main] INFO   l.lockservice - Successfully released change log lock
13.02.2023 01:58:39.399 [main] INFO   o.h.j.i.u.LogHelper - HHH000204: Processing PersistenceUnitInfo [name: default]
13.02.2023 01:58:39.644 [main] INFO   o.hibernate.Version - HHH000412: Hibernate ORM core version 5.6.7.Final
13.02.2023 01:58:40.409 [main] INFO   o.h.a.common.Version - HCANN000001: Hibernate Commons Annotations {5.1.2.Final}
13.02.2023 01:58:40.892 [main] INFO   o.h.dialect.Dialect - HHH000400: Using dialect: org.hibernate.dialect.MySQL8Dialect
13.02.2023 01:58:43.397 [main] INFO   o.h.e.t.j.p.i.JtaPlatformInitiator - HHH000490: Using JtaPlatform implementation: [org.hibernate.engine.transaction.jta.platform.internal.NoJtaPlatform]
13.02.2023 01:58:43.427 [main] INFO   o.s.o.j.LocalContainerEntityManagerFactoryBean - Initialized JPA EntityManagerFactory for persistence unit 'default'
13.02.2023 01:58:46.086 [main] INFO   o.s.s.w.DefaultSecurityFilterChain - Creating filter chain: any request, [org.springframework.security.web.context.request.async.WebAsyncManagerIntegrationFilter@31beb0d0, org.springframework.security.web.context.SecurityContextPersistenceFilter@649a6d88, org.springframework.security.web.header.HeaderWriterFilter@2b8b5d9e, org.springframework.security.web.authentication.logout.LogoutFilter@2ef812b, org.springframework.security.web.authentication.UsernamePasswordAuthenticationFilter@5e0602ff, org.springframework.security.web.savedrequest.RequestCacheAwareFilter@55c78556, org.springframework.security.web.servletapi.SecurityContextHolderAwareRequestFilter@755a4ef5, org.springframework.security.web.authentication.AnonymousAuthenticationFilter@13da6bc9, org.springframework.security.web.session.SessionManagementFilter@52737c1, org.springframework.security.web.access.ExceptionTranslationFilter@3af6d7a7, org.springframework.security.web.access.intercept.FilterSecurityInterceptor@cbea0df]
13.02.2023 01:58:47.457 [main] INFO   o.a.c.h.Http11NioProtocol - Starting ProtocolHandler ["http-nio-8080"]
13.02.2023 01:58:47.561 [main] INFO   o.s.b.w.e.t.TomcatWebServer - Tomcat started on port(s): 8080 (http) with context path ''
13.02.2023 01:58:47.594 [main] INFO   c.s.Application - Started Application in 26.161 seconds (JVM running for 28.122)
13.02.2023 02:04:12.004 [SpringApplicationShutdownHook] INFO   o.s.o.j.LocalContainerEntityManagerFactoryBean - Closing JPA EntityManagerFactory for persistence unit 'default'
13.02.2023 02:04:12.009 [SpringApplicationShutdownHook] INFO   c.z.h.HikariDataSource - HikariPool-1 - Shutdown initiated...
13.02.2023 02:04:12.043 [SpringApplicationShutdownHook] INFO   c.z.h.HikariDataSource - HikariPool-1 - Shutdown completed.
13.02.2023 02:04:23.446 [main] INFO   c.s.Application - Starting Application using Java 11 on WIN-H6PHLIP40OV with PID 2520 (C:\Users\user\IdeaProjects\CrudBoost\target\classes started by user in C:\Users\user\IdeaProjects\CrudBoost)
13.02.2023 02:04:23.457 [main] INFO   c.s.Application - No active profile set, falling back to 1 default profile: "default"
13.02.2023 02:04:26.665 [main] INFO   o.s.d.r.c.RepositoryConfigurationDelegate - Bootstrapping Spring Data JPA repositories in DEFAULT mode.
13.02.2023 02:04:26.940 [main] INFO   o.s.d.r.c.RepositoryConfigurationDelegate - Finished Spring Data repository scanning in 214 ms. Found 2 JPA repository interfaces.
13.02.2023 02:04:31.472 [main] INFO   o.s.b.w.e.t.TomcatWebServer - Tomcat initialized with port(s): 8080 (http)
13.02.2023 02:04:31.508 [main] INFO   o.a.c.h.Http11NioProtocol - Initializing ProtocolHandler ["http-nio-8080"]
13.02.2023 02:04:31.509 [main] INFO   o.a.c.c.StandardService - Starting service [Tomcat]
13.02.2023 02:04:31.510 [main] INFO   o.a.c.c.StandardEngine - Starting Servlet engine: [Apache Tomcat/9.0.60]
13.02.2023 02:04:32.118 [main] INFO   o.a.c.c.C.[.[.[/] - Initializing Spring embedded WebApplicationContext
13.02.2023 02:04:32.119 [main] INFO   o.s.b.w.s.c.ServletWebServerApplicationContext - Root WebApplicationContext: initialization completed in 8426 ms
13.02.2023 02:04:48.055 [main] INFO   c.s.Application - Starting Application using Java 11 on WIN-H6PHLIP40OV with PID 7968 (C:\Users\user\IdeaProjects\CrudBoost\target\classes started by user in C:\Users\user\IdeaProjects\CrudBoost)
13.02.2023 02:04:48.082 [main] INFO   c.s.Application - No active profile set, falling back to 1 default profile: "default"
13.02.2023 02:04:51.148 [main] INFO   o.s.d.r.c.RepositoryConfigurationDelegate - Bootstrapping Spring Data JPA repositories in DEFAULT mode.
13.02.2023 02:04:51.471 [main] INFO   o.s.d.r.c.RepositoryConfigurationDelegate - Finished Spring Data repository scanning in 250 ms. Found 2 JPA repository interfaces.
13.02.2023 02:04:54.781 [main] INFO   o.s.b.w.e.t.TomcatWebServer - Tomcat initialized with port(s): 8080 (http)
13.02.2023 02:04:54.828 [main] INFO   o.a.c.h.Http11NioProtocol - Initializing ProtocolHandler ["http-nio-8080"]
13.02.2023 02:04:54.829 [main] INFO   o.a.c.c.StandardService - Starting service [Tomcat]
13.02.2023 02:04:54.830 [main] INFO   o.a.c.c.StandardEngine - Starting Servlet engine: [Apache Tomcat/9.0.60]
13.02.2023 02:04:55.451 [main] INFO   o.a.c.c.C.[.[.[/] - Initializing Spring embedded WebApplicationContext
13.02.2023 02:04:55.452 [main] INFO   o.s.b.w.s.c.ServletWebServerApplicationContext - Root WebApplicationContext: initialization completed in 7169 ms
13.02.2023 02:04:56.950 [main] INFO   c.z.h.HikariDataSource - HikariPool-1 - Starting...
13.02.2023 02:04:57.560 [main] INFO   c.z.h.HikariDataSource - HikariPool-1 - Start completed.
13.02.2023 02:04:58.383 [main] INFO   liquibase.database - Set default schema name to public
13.02.2023 02:04:58.854 [main] INFO   l.lockservice - Successfully acquired change log lock
13.02.2023 02:05:01.454 [main] INFO   liquibase.changelog - Reading from public.databasechangelog
13.02.2023 02:05:01.687 [main] INFO   l.lockservice - Successfully released change log lock
13.02.2023 02:05:02.176 [main] INFO   o.h.j.i.u.LogHelper - HHH000204: Processing PersistenceUnitInfo [name: default]
13.02.2023 02:05:02.396 [main] INFO   o.hibernate.Version - HHH000412: Hibernate ORM core version 5.6.7.Final
13.02.2023 02:05:03.050 [main] INFO   o.h.a.common.Version - HCANN000001: Hibernate Commons Annotations {5.1.2.Final}
13.02.2023 02:05:03.548 [main] INFO   o.h.dialect.Dialect - HHH000400: Using dialect: org.hibernate.dialect.MySQL8Dialect
13.02.2023 02:05:04.157 [main] ERROR  o.s.o.j.LocalContainerEntityManagerFactoryBean - Failed to initialize JPA EntityManagerFactory: @Column(s) not allowed on a @ManyToOne property: com.springboot.model.District.user
13.02.2023 02:05:04.169 [main] WARN   o.s.b.w.s.c.AnnotationConfigServletWebServerApplicationContext - Exception encountered during context initialization - cancelling refresh attempt: org.springframework.beans.factory.BeanCreationException: Error creating bean with name 'entityManagerFactory' defined in class path resource [org/springframework/boot/autoconfigure/orm/jpa/HibernateJpaConfiguration.class]: Invocation of init method failed; nested exception is org.hibernate.AnnotationException: @Column(s) not allowed on a @ManyToOne property: com.springboot.model.District.user
13.02.2023 02:05:04.173 [main] INFO   c.z.h.HikariDataSource - HikariPool-1 - Shutdown initiated...
13.02.2023 02:05:04.216 [main] INFO   c.z.h.HikariDataSource - HikariPool-1 - Shutdown completed.
13.02.2023 02:05:04.223 [main] INFO   o.a.c.c.StandardService - Stopping service [Tomcat]
13.02.2023 02:05:04.304 [main] INFO   o.s.b.a.l.ConditionEvaluationReportLoggingListener - 

Error starting ApplicationContext. To display the conditions report re-run your application with 'debug' enabled.
13.02.2023 02:05:04.368 [main] ERROR  o.s.b.SpringApplication - Application run failed
org.springframework.beans.factory.BeanCreationException: Error creating bean with name 'entityManagerFactory' defined in class path resource [org/springframework/boot/autoconfigure/orm/jpa/HibernateJpaConfiguration.class]: Invocation of init method failed; nested exception is org.hibernate.AnnotationException: @Column(s) not allowed on a @ManyToOne property: com.springboot.model.District.user
	at org.springframework.beans.factory.support.AbstractAutowireCapableBeanFactory.initializeBean(AbstractAutowireCapableBeanFactory.java:1804)
	at org.springframework.beans.factory.support.AbstractAutowireCapableBeanFactory.doCreateBean(AbstractAutowireCapableBeanFactory.java:620)
	at org.springframework.beans.factory.support.AbstractAutowireCapableBeanFactory.createBean(AbstractAutowireCapableBeanFactory.java:542)
	at org.springframework.beans.factory.support.AbstractBeanFactory.lambda$doGetBean$0(AbstractBeanFactory.java:335)
	at org.springframework.beans.factory.support.DefaultSingletonBeanRegistry.getSingleton(DefaultSingletonBeanRegistry.java:234)
	at org.springframework.beans.factory.support.AbstractBeanFactory.doGetBean(AbstractBeanFactory.java:333)
	at org.springframework.beans.factory.support.AbstractBeanFactory.getBean(AbstractBeanFactory.java:208)
	at org.springframework.context.support.AbstractApplicationContext.getBean(AbstractApplicationContext.java:1154)
	at org.springframework.context.support.AbstractApplicationContext.finishBeanFactoryInitialization(AbstractApplicationContext.java:908)
	at org.springframework.context.support.AbstractApplicationContext.refresh(AbstractApplicationContext.java:583)
	at org.springframework.boot.web.servlet.context.ServletWebServerApplicationContext.refresh(ServletWebServerApplicationContext.java:145)
	at org.springframework.boot.SpringApplication.refresh(SpringApplication.java:740)
	at org.springframework.boot.SpringApplication.refreshContext(SpringApplication.java:415)
	at org.springframework.boot.SpringApplication.run(SpringApplication.java:303)
	at org.springframework.boot.SpringApplication.run(SpringApplication.java:1312)
	at org.springframework.boot.SpringApplication.run(SpringApplication.java:1301)
	at com.springboot.Application.main(Application.java:10)
Caused by: org.hibernate.AnnotationException: @Column(s) not allowed on a @ManyToOne property: com.springboot.model.District.user
	at org.hibernate.cfg.AnnotationBinder.processElementAnnotations(AnnotationBinder.java:1794)
	at org.hibernate.cfg.AnnotationBinder.processIdPropertiesIfNotAlready(AnnotationBinder.java:968)
	at org.hibernate.cfg.AnnotationBinder.bindClass(AnnotationBinder.java:793)
	at org.hibernate.boot.model.source.internal.annotations.AnnotationMetadataSourceProcessorImpl.processEntityHierarchies(AnnotationMetadataSourceProcessorImpl.java:225)
	at org.hibernate.boot.model.process.spi.MetadataBuildingProcess$1.processEntityHierarchies(MetadataBuildingProcess.java:239)
	at org.hibernate.boot.model.process.spi.MetadataBuildingProcess.complete(MetadataBuildingProcess.java:282)
	at org.hibernate.jpa.boot.internal.EntityManagerFactoryBuilderImpl.metadata(EntityManagerFactoryBuilderImpl.java:1460)
	at org.hibernate.jpa.boot.internal.EntityManagerFactoryBuilderImpl.build(EntityManagerFactoryBuilderImpl.java:1494)
	at org.springframework.orm.jpa.vendor.SpringHibernateJpaPersistenceProvider.createContainerEntityManagerFactory(SpringHibernateJpaPersistenceProvider.java:58)
	at org.springframework.orm.jpa.LocalContainerEntityManagerFactoryBean.createNativeEntityManagerFactory(LocalContainerEntityManagerFactoryBean.java:365)
	at org.springframework.orm.jpa.AbstractEntityManagerFactoryBean.buildNativeEntityManagerFactory(AbstractEntityManagerFactoryBean.java:409)
	at org.springframework.orm.jpa.AbstractEntityManagerFactoryBean.afterPropertiesSet(AbstractEntityManagerFactoryBean.java:396)
	at org.springframework.orm.jpa.LocalContainerEntityManagerFactoryBean.afterPropertiesSet(LocalContainerEntityManagerFactoryBean.java:341)
	at org.springframework.beans.factory.support.AbstractAutowireCapableBeanFactory.invokeInitMethods(AbstractAutowireCapableBeanFactory.java:1863)
	at org.springframework.beans.factory.support.AbstractAutowireCapableBeanFactory.initializeBean(AbstractAutowireCapableBeanFactory.java:1800)
	... 16 common frames omitted
13.02.2023 02:09:53.981 [main] INFO   c.s.Application - Starting Application using Java 11 on WIN-H6PHLIP40OV with PID 10128 (C:\Users\user\IdeaProjects\CrudBoost\target\classes started by user in C:\Users\user\IdeaProjects\CrudBoost)
13.02.2023 02:09:53.998 [main] INFO   c.s.Application - No active profile set, falling back to 1 default profile: "default"
13.02.2023 02:09:57.149 [main] INFO   o.s.d.r.c.RepositoryConfigurationDelegate - Bootstrapping Spring Data JPA repositories in DEFAULT mode.
13.02.2023 02:09:57.336 [main] INFO   o.s.d.r.c.RepositoryConfigurationDelegate - Finished Spring Data repository scanning in 157 ms. Found 2 JPA repository interfaces.
13.02.2023 02:10:00.414 [main] INFO   o.s.b.w.e.t.TomcatWebServer - Tomcat initialized with port(s): 8080 (http)
13.02.2023 02:10:00.442 [main] INFO   o.a.c.h.Http11NioProtocol - Initializing ProtocolHandler ["http-nio-8080"]
13.02.2023 02:10:00.443 [main] INFO   o.a.c.c.StandardService - Starting service [Tomcat]
13.02.2023 02:10:00.444 [main] INFO   o.a.c.c.StandardEngine - Starting Servlet engine: [Apache Tomcat/9.0.60]
13.02.2023 02:10:01.042 [main] INFO   o.a.c.c.C.[.[.[/] - Initializing Spring embedded WebApplicationContext
13.02.2023 02:10:01.044 [main] INFO   o.s.b.w.s.c.ServletWebServerApplicationContext - Root WebApplicationContext: initialization completed in 6781 ms
13.02.2023 02:10:02.158 [main] INFO   c.z.h.HikariDataSource - HikariPool-1 - Starting...
13.02.2023 02:10:02.838 [main] INFO   c.z.h.HikariDataSource - HikariPool-1 - Start completed.
13.02.2023 02:10:03.403 [main] INFO   liquibase.database - Set default schema name to public
13.02.2023 02:10:03.802 [main] INFO   l.lockservice - Successfully acquired change log lock
13.02.2023 02:10:06.337 [main] INFO   liquibase.changelog - Reading from public.databasechangelog
13.02.2023 02:10:06.636 [main] INFO   l.lockservice - Successfully released change log lock
13.02.2023 02:10:07.315 [main] INFO   o.h.j.i.u.LogHelper - HHH000204: Processing PersistenceUnitInfo [name: default]
13.02.2023 02:10:07.708 [main] INFO   o.hibernate.Version - HHH000412: Hibernate ORM core version 5.6.7.Final
13.02.2023 02:10:08.474 [main] INFO   o.h.a.common.Version - HCANN000001: Hibernate Commons Annotations {5.1.2.Final}
13.02.2023 02:10:09.031 [main] INFO   o.h.dialect.Dialect - HHH000400: Using dialect: org.hibernate.dialect.MySQL8Dialect
13.02.2023 02:10:11.201 [main] INFO   o.h.e.t.j.p.i.JtaPlatformInitiator - HHH000490: Using JtaPlatform implementation: [org.hibernate.engine.transaction.jta.platform.internal.NoJtaPlatform]
13.02.2023 02:10:11.227 [main] INFO   o.s.o.j.LocalContainerEntityManagerFactoryBean - Initialized JPA EntityManagerFactory for persistence unit 'default'
13.02.2023 02:10:13.262 [main] INFO   o.s.s.w.DefaultSecurityFilterChain - Creating filter chain: any request, [org.springframework.security.web.context.request.async.WebAsyncManagerIntegrationFilter@41962299, org.springframework.security.web.context.SecurityContextPersistenceFilter@4b1ad751, org.springframework.security.web.header.HeaderWriterFilter@3ca564aa, org.springframework.security.web.authentication.logout.LogoutFilter@7f69c4c0, org.springframework.security.web.authentication.UsernamePasswordAuthenticationFilter@6a9a6a0c, org.springframework.security.web.savedrequest.RequestCacheAwareFilter@6da86e98, org.springframework.security.web.servletapi.SecurityContextHolderAwareRequestFilter@18c432ed, org.springframework.security.web.authentication.AnonymousAuthenticationFilter@3f910f36, org.springframework.security.web.session.SessionManagementFilter@562ec518, org.springframework.security.web.access.ExceptionTranslationFilter@3b1a3125, org.springframework.security.web.access.intercept.FilterSecurityInterceptor@48a2b492]
13.02.2023 02:10:14.304 [main] INFO   o.a.c.h.Http11NioProtocol - Starting ProtocolHandler ["http-nio-8080"]
13.02.2023 02:10:14.354 [main] INFO   o.s.b.w.e.t.TomcatWebServer - Tomcat started on port(s): 8080 (http) with context path ''
13.02.2023 02:10:14.382 [main] INFO   c.s.Application - Started Application in 21.618 seconds (JVM running for 23.588)
13.02.2023 02:15:47.567 [http-nio-8080-exec-1] INFO   o.a.c.c.C.[.[.[/] - Initializing Spring DispatcherServlet 'dispatcherServlet'
13.02.2023 02:15:47.568 [http-nio-8080-exec-1] INFO   o.s.w.s.DispatcherServlet - Initializing Servlet 'dispatcherServlet'
13.02.2023 02:15:47.573 [http-nio-8080-exec-1] INFO   o.s.w.s.DispatcherServlet - Completed initialization in 4 ms
13.02.2023 02:15:48.344 [http-nio-8080-exec-1] WARN   o.a.c.u.SessionIdGeneratorBase - Creation of SecureRandom instance for session ID generation using [SHA1PRNG] took [677] milliseconds.
13.02.2023 02:15:55.564 [http-nio-8080-exec-7] INFO   c.s.c.BootstrapController - Вход на страницу /adminpage
13.02.2023 02:16:33.350 [http-nio-8080-exec-6] WARN   o.h.e.j.s.SqlExceptionHelper - SQL Error: 0, SQLState: 23505
13.02.2023 02:16:33.350 [http-nio-8080-exec-6] ERROR  o.h.e.j.s.SqlExceptionHelper - ОШИБКА: повторяющееся значение ключа нарушает ограничение уникальности "users_pkey"
  Подробности: Ключ "(id)=(3)" уже существует.
13.02.2023 02:16:33.376 [http-nio-8080-exec-6] ERROR  o.a.c.c.C.[.[.[.[dispatcherServlet] - Servlet.service() for servlet [dispatcherServlet] in context with path [] threw exception [Request processing failed; nested exception is org.springframework.dao.DataIntegrityViolationException: could not execute statement; SQL [n/a]; constraint [null]; nested exception is org.hibernate.exception.ConstraintViolationException: could not execute statement] with root cause
org.postgresql.util.PSQLException: ОШИБКА: повторяющееся значение ключа нарушает ограничение уникальности "users_pkey"
  Подробности: Ключ "(id)=(3)" уже существует.
	at org.postgresql.core.v3.QueryExecutorImpl.receiveErrorResponse(QueryExecutorImpl.java:2675)
	at org.postgresql.core.v3.QueryExecutorImpl.processResults(QueryExecutorImpl.java:2365)
	at org.postgresql.core.v3.QueryExecutorImpl.execute(QueryExecutorImpl.java:355)
	at org.postgresql.jdbc.PgStatement.executeInternal(PgStatement.java:490)
	at org.postgresql.jdbc.PgStatement.execute(PgStatement.java:408)
	at org.postgresql.jdbc.PgPreparedStatement.executeWithFlags(PgPreparedStatement.java:167)
	at org.postgresql.jdbc.PgPreparedStatement.executeUpdate(PgPreparedStatement.java:135)
	at com.zaxxer.hikari.pool.ProxyPreparedStatement.executeUpdate(ProxyPreparedStatement.java:61)
	at com.zaxxer.hikari.pool.HikariProxyPreparedStatement.executeUpdate(HikariProxyPreparedStatement.java)
	at org.hibernate.engine.jdbc.internal.ResultSetReturnImpl.executeUpdate(ResultSetReturnImpl.java:197)
	at org.hibernate.dialect.identity.GetGeneratedKeysDelegate.executeAndExtract(GetGeneratedKeysDelegate.java:58)
	at org.hibernate.id.insert.AbstractReturningDelegate.performInsert(AbstractReturningDelegate.java:43)
	at org.hibernate.persister.entity.AbstractEntityPersister.insert(AbstractEntityPersister.java:3279)
	at org.hibernate.persister.entity.AbstractEntityPersister.insert(AbstractEntityPersister.java:3885)
	at org.hibernate.action.internal.EntityIdentityInsertAction.execute(EntityIdentityInsertAction.java:84)
	at org.hibernate.engine.spi.ActionQueue.execute(ActionQueue.java:645)
	at org.hibernate.engine.spi.ActionQueue.addResolvedEntityInsertAction(ActionQueue.java:282)
	at org.hibernate.engine.spi.ActionQueue.addInsertAction(ActionQueue.java:263)
	at org.hibernate.engine.spi.ActionQueue.addAction(ActionQueue.java:317)
	at org.hibernate.event.internal.AbstractSaveEventListener.addInsertAction(AbstractSaveEventListener.java:330)
	at org.hibernate.event.internal.AbstractSaveEventListener.performSaveOrReplicate(AbstractSaveEventListener.java:287)
	at org.hibernate.event.internal.AbstractSaveEventListener.performSave(AbstractSaveEventListener.java:193)
	at org.hibernate.event.internal.AbstractSaveEventListener.saveWithGeneratedId(AbstractSaveEventListener.java:123)
	at org.hibernate.event.internal.DefaultPersistEventListener.entityIsTransient(DefaultPersistEventListener.java:185)
	at org.hibernate.event.internal.DefaultPersistEventListener.onPersist(DefaultPersistEventListener.java:128)
	at org.hibernate.event.internal.DefaultPersistEventListener.onPersist(DefaultPersistEventListener.java:55)
	at org.hibernate.event.service.internal.EventListenerGroupImpl.fireEventOnEachListener(EventListenerGroupImpl.java:107)
	at org.hibernate.internal.SessionImpl.firePersist(SessionImpl.java:756)
	at org.hibernate.internal.SessionImpl.persist(SessionImpl.java:742)
	at java.base/jdk.internal.reflect.NativeMethodAccessorImpl.invoke0(Native Method)
	at java.base/jdk.internal.reflect.NativeMethodAccessorImpl.invoke(NativeMethodAccessorImpl.java:62)
	at java.base/jdk.internal.reflect.DelegatingMethodAccessorImpl.invoke(DelegatingMethodAccessorImpl.java:43)
	at java.base/java.lang.reflect.Method.invoke(Method.java:566)
	at org.springframework.orm.jpa.SharedEntityManagerCreator$SharedEntityManagerInvocationHandler.invoke(SharedEntityManagerCreator.java:311)
	at com.sun.proxy.$Proxy112.persist(Unknown Source)
	at org.springframework.data.jpa.repository.support.SimpleJpaRepository.save(SimpleJpaRepository.java:637)
	at java.base/jdk.internal.reflect.NativeMethodAccessorImpl.invoke0(Native Method)
	at java.base/jdk.internal.reflect.NativeMethodAccessorImpl.invoke(NativeMethodAccessorImpl.java:62)
	at java.base/jdk.internal.reflect.DelegatingMethodAccessorImpl.invoke(DelegatingMethodAccessorImpl.java:43)
	at java.base/java.lang.reflect.Method.invoke(Method.java:566)
	at org.springframework.data.repository.core.support.RepositoryMethodInvoker$RepositoryFragmentMethodInvoker.lambda$new$0(RepositoryMethodInvoker.java:289)
	at org.springframework.data.repository.core.support.RepositoryMethodInvoker.doInvoke(RepositoryMethodInvoker.java:137)
	at org.springframework.data.repository.core.support.RepositoryMethodInvoker.invoke(RepositoryMethodInvoker.java:121)
	at org.springframework.data.repository.core.support.RepositoryComposition$RepositoryFragments.invoke(RepositoryComposition.java:529)
	at org.springframework.data.repository.core.support.RepositoryComposition.invoke(RepositoryComposition.java:285)
	at org.springframework.data.repository.core.support.RepositoryFactorySupport$ImplementationMethodExecutionInterceptor.invoke(RepositoryFactorySupport.java:639)
	at org.springframework.aop.framework.ReflectiveMethodInvocation.proceed(ReflectiveMethodInvocation.java:186)
	at org.springframework.data.repository.core.support.QueryExecutorMethodInterceptor.doInvoke(QueryExecutorMethodInterceptor.java:163)
	at org.springframework.data.repository.core.support.QueryExecutorMethodInterceptor.invoke(QueryExecutorMethodInterceptor.java:138)
	at org.springframework.aop.framework.ReflectiveMethodInvocation.proceed(ReflectiveMethodInvocation.java:186)
	at org.springframework.data.projection.DefaultMethodInvokingMethodInterceptor.invoke(DefaultMethodInvokingMethodInterceptor.java:80)
	at org.springframework.aop.framework.ReflectiveMethodInvocation.proceed(ReflectiveMethodInvocation.java:186)
	at org.springframework.transaction.interceptor.TransactionInterceptor$1.proceedWithInvocation(TransactionInterceptor.java:123)
	at org.springframework.transaction.interceptor.TransactionAspectSupport.invokeWithinTransaction(TransactionAspectSupport.java:388)
	at org.springframework.transaction.interceptor.TransactionInterceptor.invoke(TransactionInterceptor.java:119)
	at org.springframework.aop.framework.ReflectiveMethodInvocation.proceed(ReflectiveMethodInvocation.java:186)
	at org.springframework.dao.support.PersistenceExceptionTranslationInterceptor.invoke(PersistenceExceptionTranslationInterceptor.java:137)
	at org.springframework.aop.framework.ReflectiveMethodInvocation.proceed(ReflectiveMethodInvocation.java:186)
	at org.springframework.data.jpa.repository.support.CrudMethodMetadataPostProcessor$CrudMethodMetadataPopulatingMethodInterceptor.invoke(CrudMethodMetadataPostProcessor.java:174)
	at org.springframework.aop.framework.ReflectiveMethodInvocation.proceed(ReflectiveMethodInvocation.java:186)
	at org.springframework.aop.interceptor.ExposeInvocationInterceptor.invoke(ExposeInvocationInterceptor.java:97)
	at org.springframework.aop.framework.ReflectiveMethodInvocation.proceed(ReflectiveMethodInvocation.java:186)
	at org.springframework.aop.framework.JdkDynamicAopProxy.invoke(JdkDynamicAopProxy.java:215)
	at com.sun.proxy.$Proxy118.save(Unknown Source)
	at com.springboot.service.impl.UserServiceImpl.saveUser(UserServiceImpl.java:55)
	at com.springboot.service.impl.UserServiceImpl$$FastClassBySpringCGLIB$$574df4f7.invoke(<generated>)
	at org.springframework.cglib.proxy.MethodProxy.invoke(MethodProxy.java:218)
	at org.springframework.aop.framework.CglibAopProxy$CglibMethodInvocation.invokeJoinpoint(CglibAopProxy.java:783)
	at org.springframework.aop.framework.ReflectiveMethodInvocation.proceed(ReflectiveMethodInvocation.java:163)
	at org.springframework.aop.framework.CglibAopProxy$CglibMethodInvocation.proceed(CglibAopProxy.java:753)
	at org.springframework.transaction.interceptor.TransactionInterceptor$1.proceedWithInvocation(TransactionInterceptor.java:123)
	at org.springframework.transaction.interceptor.TransactionAspectSupport.invokeWithinTransaction(TransactionAspectSupport.java:388)
	at org.springframework.transaction.interceptor.TransactionInterceptor.invoke(TransactionInterceptor.java:119)
	at org.springframework.aop.framework.ReflectiveMethodInvocation.proceed(ReflectiveMethodInvocation.java:186)
	at org.springframework.aop.framework.CglibAopProxy$CglibMethodInvocation.proceed(CglibAopProxy.java:753)
	at org.springframework.aop.framework.CglibAopProxy$DynamicAdvisedInterceptor.intercept(CglibAopProxy.java:698)
	at com.springboot.service.impl.UserServiceImpl$$EnhancerBySpringCGLIB$$a5bae37e.saveUser(<generated>)
	at com.springboot.controller.MainRestController.create(MainRestController.java:39)
	at java.base/jdk.internal.reflect.NativeMethodAccessorImpl.invoke0(Native Method)
	at java.base/jdk.internal.reflect.NativeMethodAccessorImpl.invoke(NativeMethodAccessorImpl.java:62)
	at java.base/jdk.internal.reflect.DelegatingMethodAccessorImpl.invoke(DelegatingMethodAccessorImpl.java:43)
	at java.base/java.lang.reflect.Method.invoke(Method.java:566)
	at org.springframework.web.method.support.InvocableHandlerMethod.doInvoke(InvocableHandlerMethod.java:205)
	at org.springframework.web.method.support.InvocableHandlerMethod.invokeForRequest(InvocableHandlerMethod.java:150)
	at org.springframework.web.servlet.mvc.method.annotation.ServletInvocableHandlerMethod.invokeAndHandle(ServletInvocableHandlerMethod.java:117)
	at org.springframework.web.servlet.mvc.method.annotation.RequestMappingHandlerAdapter.invokeHandlerMethod(RequestMappingHandlerAdapter.java:895)
	at org.springframework.web.servlet.mvc.method.annotation.RequestMappingHandlerAdapter.handleInternal(RequestMappingHandlerAdapter.java:808)
	at org.springframework.web.servlet.mvc.method.AbstractHandlerMethodAdapter.handle(AbstractHandlerMethodAdapter.java:87)
	at org.springframework.web.servlet.DispatcherServlet.doDispatch(DispatcherServlet.java:1067)
	at org.springframework.web.servlet.DispatcherServlet.doService(DispatcherServlet.java:963)
	at org.springframework.web.servlet.FrameworkServlet.processRequest(FrameworkServlet.java:1006)
	at org.springframework.web.servlet.FrameworkServlet.doPost(FrameworkServlet.java:909)
	at javax.servlet.http.HttpServlet.service(HttpServlet.java:681)
	at org.springframework.web.servlet.FrameworkServlet.service(FrameworkServlet.java:883)
	at javax.servlet.http.HttpServlet.service(HttpServlet.java:764)
	at org.apache.catalina.core.ApplicationFilterChain.internalDoFilter(ApplicationFilterChain.java:227)
	at org.apache.catalina.core.ApplicationFilterChain.doFilter(ApplicationFilterChain.java:162)
	at org.apache.tomcat.websocket.server.WsFilter.doFilter(WsFilter.java:53)
	at org.apache.catalina.core.ApplicationFilterChain.internalDoFilter(ApplicationFilterChain.java:189)
	at org.apache.catalina.core.ApplicationFilterChain.doFilter(ApplicationFilterChain.java:162)
	at org.springframework.security.web.FilterChainProxy$VirtualFilterChain.doFilter(FilterChainProxy.java:320)
	at org.springframework.security.web.access.intercept.FilterSecurityInterceptor.invoke(FilterSecurityInterceptor.java:126)
	at org.springframework.security.web.access.intercept.FilterSecurityInterceptor.doFilter(FilterSecurityInterceptor.java:90)
	at org.springframework.security.web.FilterChainProxy$VirtualFilterChain.doFilter(FilterChainProxy.java:334)
	at org.springframework.security.web.access.ExceptionTranslationFilter.doFilter(ExceptionTranslationFilter.java:118)
	at org.springframework.security.web.FilterChainProxy$VirtualFilterChain.doFilter(FilterChainProxy.java:334)
	at org.springframework.security.web.session.SessionManagementFilter.doFilter(SessionManagementFilter.java:137)
	at org.springframework.security.web.FilterChainProxy$VirtualFilterChain.doFilter(FilterChainProxy.java:334)
	at org.springframework.security.web.authentication.AnonymousAuthenticationFilter.doFilter(AnonymousAuthenticationFilter.java:111)
	at org.springframework.security.web.FilterChainProxy$VirtualFilterChain.doFilter(FilterChainProxy.java:334)
	at org.springframework.security.web.servletapi.SecurityContextHolderAwareRequestFilter.doFilter(SecurityContextHolderAwareRequestFilter.java:158)
	at org.springframework.security.web.FilterChainProxy$VirtualFilterChain.doFilter(FilterChainProxy.java:334)
	at org.springframework.security.web.savedrequest.RequestCacheAwareFilter.doFilter(RequestCacheAwareFilter.java:63)
	at org.springframework.security.web.FilterChainProxy$VirtualFilterChain.doFilter(FilterChainProxy.java:334)
	at org.springframework.security.web.authentication.AbstractAuthenticationProcessingFilter.doFilter(AbstractAuthenticationProcessingFilter.java:200)
	at org.springframework.security.web.FilterChainProxy$VirtualFilterChain.doFilter(FilterChainProxy.java:334)
	at org.springframework.security.web.authentication.logout.LogoutFilter.doFilter(LogoutFilter.java:116)
	at org.springframework.security.web.FilterChainProxy$VirtualFilterChain.doFilter(FilterChainProxy.java:334)
	at org.springframework.security.web.header.HeaderWriterFilter.doHeadersAfter(HeaderWriterFilter.java:92)
	at org.springframework.security.web.header.HeaderWriterFilter.doFilterInternal(HeaderWriterFilter.java:77)
	at org.springframework.web.filter.OncePerRequestFilter.doFilter(OncePerRequestFilter.java:117)
	at org.springframework.security.web.FilterChainProxy$VirtualFilterChain.doFilter(FilterChainProxy.java:334)
	at org.springframework.security.web.context.SecurityContextPersistenceFilter.doFilter(SecurityContextPersistenceFilter.java:105)
	at org.springframework.security.web.FilterChainProxy$VirtualFilterChain.doFilter(FilterChainProxy.java:334)
	at org.springframework.security.web.context.request.async.WebAsyncManagerIntegrationFilter.doFilterInternal(WebAsyncManagerIntegrationFilter.java:56)
	at org.springframework.web.filter.OncePerRequestFilter.doFilter(OncePerRequestFilter.java:117)
	at org.springframework.security.web.FilterChainProxy$VirtualFilterChain.doFilter(FilterChainProxy.java:334)
	at org.springframework.security.web.FilterChainProxy.doFilterInternal(FilterChainProxy.java:215)
	at org.springframework.security.web.FilterChainProxy.doFilter(FilterChainProxy.java:178)
	at org.springframework.web.filter.DelegatingFilterProxy.invokeDelegate(DelegatingFilterProxy.java:354)
	at org.springframework.web.filter.DelegatingFilterProxy.doFilter(DelegatingFilterProxy.java:267)
	at org.apache.catalina.core.ApplicationFilterChain.internalDoFilter(ApplicationFilterChain.java:189)
	at org.apache.catalina.core.ApplicationFilterChain.doFilter(ApplicationFilterChain.java:162)
	at org.springframework.web.filter.RequestContextFilter.doFilterInternal(RequestContextFilter.java:100)
	at org.springframework.web.filter.OncePerRequestFilter.doFilter(OncePerRequestFilter.java:117)
	at org.apache.catalina.core.ApplicationFilterChain.internalDoFilter(ApplicationFilterChain.java:189)
	at org.apache.catalina.core.ApplicationFilterChain.doFilter(ApplicationFilterChain.java:162)
	at org.springframework.web.filter.FormContentFilter.doFilterInternal(FormContentFilter.java:93)
	at org.springframework.web.filter.OncePerRequestFilter.doFilter(OncePerRequestFilter.java:117)
	at org.apache.catalina.core.ApplicationFilterChain.internalDoFilter(ApplicationFilterChain.java:189)
	at org.apache.catalina.core.ApplicationFilterChain.doFilter(ApplicationFilterChain.java:162)
	at org.springframework.web.filter.CharacterEncodingFilter.doFilterInternal(CharacterEncodingFilter.java:201)
	at org.springframework.web.filter.OncePerRequestFilter.doFilter(OncePerRequestFilter.java:117)
	at org.apache.catalina.core.ApplicationFilterChain.internalDoFilter(ApplicationFilterChain.java:189)
	at org.apache.catalina.core.ApplicationFilterChain.doFilter(ApplicationFilterChain.java:162)
	at org.apache.catalina.core.StandardWrapperValve.invoke(StandardWrapperValve.java:197)
	at org.apache.catalina.core.StandardContextValve.invoke(StandardContextValve.java:97)
	at org.apache.catalina.authenticator.AuthenticatorBase.invoke(AuthenticatorBase.java:541)
	at org.apache.catalina.core.StandardHostValve.invoke(StandardHostValve.java:135)
	at org.apache.catalina.valves.ErrorReportValve.invoke(ErrorReportValve.java:92)
	at org.apache.catalina.core.StandardEngineValve.invoke(StandardEngineValve.java:78)
	at org.apache.catalina.connector.CoyoteAdapter.service(CoyoteAdapter.java:360)
	at org.apache.coyote.http11.Http11Processor.service(Http11Processor.java:399)
	at org.apache.coyote.AbstractProcessorLight.process(AbstractProcessorLight.java:65)
	at org.apache.coyote.AbstractProtocol$ConnectionHandler.process(AbstractProtocol.java:889)
	at org.apache.tomcat.util.net.NioEndpoint$SocketProcessor.doRun(NioEndpoint.java:1743)
	at org.apache.tomcat.util.net.SocketProcessorBase.run(SocketProcessorBase.java:49)
	at org.apache.tomcat.util.threads.ThreadPoolExecutor.runWorker(ThreadPoolExecutor.java:1191)
	at org.apache.tomcat.util.threads.ThreadPoolExecutor$Worker.run(ThreadPoolExecutor.java:659)
	at org.apache.tomcat.util.threads.TaskThread$WrappingRunnable.run(TaskThread.java:61)
	at java.base/java.lang.Thread.run(Thread.java:834)
13.02.2023 02:16:36.984 [http-nio-8080-exec-1] INFO   c.s.c.BootstrapController - Вход на страницу /adminpage
13.02.2023 02:19:36.240 [SpringApplicationShutdownHook] INFO   o.s.o.j.LocalContainerEntityManagerFactoryBean - Closing JPA EntityManagerFactory for persistence unit 'default'
13.02.2023 02:19:36.247 [SpringApplicationShutdownHook] INFO   c.z.h.HikariDataSource - HikariPool-1 - Shutdown initiated...
13.02.2023 02:19:36.278 [SpringApplicationShutdownHook] INFO   c.z.h.HikariDataSource - HikariPool-1 - Shutdown completed.
13.02.2023 02:19:49.130 [main] INFO   c.s.Application - Starting Application using Java 11 on WIN-H6PHLIP40OV with PID 5104 (C:\Users\user\IdeaProjects\CrudBoost\target\classes started by user in C:\Users\user\IdeaProjects\CrudBoost)
13.02.2023 02:19:49.137 [main] INFO   c.s.Application - No active profile set, falling back to 1 default profile: "default"
13.02.2023 02:19:51.596 [main] INFO   o.s.d.r.c.RepositoryConfigurationDelegate - Bootstrapping Spring Data JPA repositories in DEFAULT mode.
13.02.2023 02:19:51.778 [main] INFO   o.s.d.r.c.RepositoryConfigurationDelegate - Finished Spring Data repository scanning in 157 ms. Found 2 JPA repository interfaces.
13.02.2023 02:19:54.332 [main] INFO   o.s.b.w.e.t.TomcatWebServer - Tomcat initialized with port(s): 8080 (http)
13.02.2023 02:19:54.362 [main] INFO   o.a.c.h.Http11NioProtocol - Initializing ProtocolHandler ["http-nio-8080"]
13.02.2023 02:19:54.363 [main] INFO   o.a.c.c.StandardService - Starting service [Tomcat]
13.02.2023 02:19:54.364 [main] INFO   o.a.c.c.StandardEngine - Starting Servlet engine: [Apache Tomcat/9.0.60]
13.02.2023 02:19:54.699 [main] INFO   o.a.c.c.C.[.[.[/] - Initializing Spring embedded WebApplicationContext
13.02.2023 02:19:54.700 [main] INFO   o.s.b.w.s.c.ServletWebServerApplicationContext - Root WebApplicationContext: initialization completed in 5304 ms
13.02.2023 02:19:55.568 [main] INFO   c.z.h.HikariDataSource - HikariPool-1 - Starting...
13.02.2023 02:19:56.158 [main] INFO   c.z.h.HikariDataSource - HikariPool-1 - Start completed.
13.02.2023 02:19:56.926 [main] INFO   liquibase.database - Set default schema name to public
13.02.2023 02:19:57.329 [main] INFO   l.lockservice - Successfully acquired change log lock
13.02.2023 02:19:59.375 [main] INFO   liquibase.changelog - Reading from public.databasechangelog
13.02.2023 02:19:59.548 [main] INFO   l.lockservice - Successfully released change log lock
13.02.2023 02:20:00.170 [main] INFO   o.h.j.i.u.LogHelper - HHH000204: Processing PersistenceUnitInfo [name: default]
13.02.2023 02:20:00.349 [main] INFO   o.hibernate.Version - HHH000412: Hibernate ORM core version 5.6.7.Final
13.02.2023 02:20:00.894 [main] INFO   o.h.a.common.Version - HCANN000001: Hibernate Commons Annotations {5.1.2.Final}
13.02.2023 02:20:01.217 [main] INFO   o.h.dialect.Dialect - HHH000400: Using dialect: org.hibernate.dialect.MySQL8Dialect
13.02.2023 02:20:01.687 [main] ERROR  o.s.o.j.LocalContainerEntityManagerFactoryBean - Failed to initialize JPA EntityManagerFactory: @OneToOne or @ManyToOne on com.springboot.model.District.user references an unknown entity: java.util.List
13.02.2023 02:20:01.688 [main] WARN   o.s.b.w.s.c.AnnotationConfigServletWebServerApplicationContext - Exception encountered during context initialization - cancelling refresh attempt: org.springframework.beans.factory.BeanCreationException: Error creating bean with name 'entityManagerFactory' defined in class path resource [org/springframework/boot/autoconfigure/orm/jpa/HibernateJpaConfiguration.class]: Invocation of init method failed; nested exception is org.hibernate.AnnotationException: @OneToOne or @ManyToOne on com.springboot.model.District.user references an unknown entity: java.util.List
13.02.2023 02:20:01.690 [main] INFO   c.z.h.HikariDataSource - HikariPool-1 - Shutdown initiated...
13.02.2023 02:20:01.721 [main] INFO   c.z.h.HikariDataSource - HikariPool-1 - Shutdown completed.
13.02.2023 02:20:01.729 [main] INFO   o.a.c.c.StandardService - Stopping service [Tomcat]
13.02.2023 02:20:01.813 [main] INFO   o.s.b.a.l.ConditionEvaluationReportLoggingListener - 

Error starting ApplicationContext. To display the conditions report re-run your application with 'debug' enabled.
13.02.2023 02:20:01.869 [main] ERROR  o.s.b.SpringApplication - Application run failed
org.springframework.beans.factory.BeanCreationException: Error creating bean with name 'entityManagerFactory' defined in class path resource [org/springframework/boot/autoconfigure/orm/jpa/HibernateJpaConfiguration.class]: Invocation of init method failed; nested exception is org.hibernate.AnnotationException: @OneToOne or @ManyToOne on com.springboot.model.District.user references an unknown entity: java.util.List
	at org.springframework.beans.factory.support.AbstractAutowireCapableBeanFactory.initializeBean(AbstractAutowireCapableBeanFactory.java:1804)
	at org.springframework.beans.factory.support.AbstractAutowireCapableBeanFactory.doCreateBean(AbstractAutowireCapableBeanFactory.java:620)
	at org.springframework.beans.factory.support.AbstractAutowireCapableBeanFactory.createBean(AbstractAutowireCapableBeanFactory.java:542)
	at org.springframework.beans.factory.support.AbstractBeanFactory.lambda$doGetBean$0(AbstractBeanFactory.java:335)
	at org.springframework.beans.factory.support.DefaultSingletonBeanRegistry.getSingleton(DefaultSingletonBeanRegistry.java:234)
	at org.springframework.beans.factory.support.AbstractBeanFactory.doGetBean(AbstractBeanFactory.java:333)
	at org.springframework.beans.factory.support.AbstractBeanFactory.getBean(AbstractBeanFactory.java:208)
	at org.springframework.context.support.AbstractApplicationContext.getBean(AbstractApplicationContext.java:1154)
	at org.springframework.context.support.AbstractApplicationContext.finishBeanFactoryInitialization(AbstractApplicationContext.java:908)
	at org.springframework.context.support.AbstractApplicationContext.refresh(AbstractApplicationContext.java:583)
	at org.springframework.boot.web.servlet.context.ServletWebServerApplicationContext.refresh(ServletWebServerApplicationContext.java:145)
	at org.springframework.boot.SpringApplication.refresh(SpringApplication.java:740)
	at org.springframework.boot.SpringApplication.refreshContext(SpringApplication.java:415)
	at org.springframework.boot.SpringApplication.run(SpringApplication.java:303)
	at org.springframework.boot.SpringApplication.run(SpringApplication.java:1312)
	at org.springframework.boot.SpringApplication.run(SpringApplication.java:1301)
	at com.springboot.Application.main(Application.java:10)
Caused by: org.hibernate.AnnotationException: @OneToOne or @ManyToOne on com.springboot.model.District.user references an unknown entity: java.util.List
	at org.hibernate.cfg.ToOneFkSecondPass.doSecondPass(ToOneFkSecondPass.java:100)
	at org.hibernate.boot.internal.InFlightMetadataCollectorImpl.processEndOfQueue(InFlightMetadataCollectorImpl.java:1750)
	at org.hibernate.boot.internal.InFlightMetadataCollectorImpl.processFkSecondPassesInOrder(InFlightMetadataCollectorImpl.java:1694)
	at org.hibernate.boot.internal.InFlightMetadataCollectorImpl.processSecondPasses(InFlightMetadataCollectorImpl.java:1623)
	at org.hibernate.boot.model.process.spi.MetadataBuildingProcess.complete(MetadataBuildingProcess.java:295)
	at org.hibernate.jpa.boot.internal.EntityManagerFactoryBuilderImpl.metadata(EntityManagerFactoryBuilderImpl.java:1460)
	at org.hibernate.jpa.boot.internal.EntityManagerFactoryBuilderImpl.build(EntityManagerFactoryBuilderImpl.java:1494)
	at org.springframework.orm.jpa.vendor.SpringHibernateJpaPersistenceProvider.createContainerEntityManagerFactory(SpringHibernateJpaPersistenceProvider.java:58)
	at org.springframework.orm.jpa.LocalContainerEntityManagerFactoryBean.createNativeEntityManagerFactory(LocalContainerEntityManagerFactoryBean.java:365)
	at org.springframework.orm.jpa.AbstractEntityManagerFactoryBean.buildNativeEntityManagerFactory(AbstractEntityManagerFactoryBean.java:409)
	at org.springframework.orm.jpa.AbstractEntityManagerFactoryBean.afterPropertiesSet(AbstractEntityManagerFactoryBean.java:396)
	at org.springframework.orm.jpa.LocalContainerEntityManagerFactoryBean.afterPropertiesSet(LocalContainerEntityManagerFactoryBean.java:341)
	at org.springframework.beans.factory.support.AbstractAutowireCapableBeanFactory.invokeInitMethods(AbstractAutowireCapableBeanFactory.java:1863)
	at org.springframework.beans.factory.support.AbstractAutowireCapableBeanFactory.initializeBean(AbstractAutowireCapableBeanFactory.java:1800)
	... 16 common frames omitted
13.02.2023 02:20:44.619 [main] INFO   c.s.Application - Starting Application using Java 11 on WIN-H6PHLIP40OV with PID 16152 (C:\Users\user\IdeaProjects\CrudBoost\target\classes started by user in C:\Users\user\IdeaProjects\CrudBoost)
13.02.2023 02:20:44.639 [main] INFO   c.s.Application - No active profile set, falling back to 1 default profile: "default"
13.02.2023 02:20:47.416 [main] INFO   o.s.d.r.c.RepositoryConfigurationDelegate - Bootstrapping Spring Data JPA repositories in DEFAULT mode.
13.02.2023 02:20:47.579 [main] INFO   o.s.d.r.c.RepositoryConfigurationDelegate - Finished Spring Data repository scanning in 136 ms. Found 2 JPA repository interfaces.
13.02.2023 02:20:50.721 [main] INFO   o.s.b.w.e.t.TomcatWebServer - Tomcat initialized with port(s): 8080 (http)
13.02.2023 02:20:50.751 [main] INFO   o.a.c.h.Http11NioProtocol - Initializing ProtocolHandler ["http-nio-8080"]
13.02.2023 02:20:50.752 [main] INFO   o.a.c.c.StandardService - Starting service [Tomcat]
13.02.2023 02:20:50.753 [main] INFO   o.a.c.c.StandardEngine - Starting Servlet engine: [Apache Tomcat/9.0.60]
13.02.2023 02:20:51.275 [main] INFO   o.a.c.c.C.[.[.[/] - Initializing Spring embedded WebApplicationContext
13.02.2023 02:20:51.279 [main] INFO   o.s.b.w.s.c.ServletWebServerApplicationContext - Root WebApplicationContext: initialization completed in 6423 ms
13.02.2023 02:20:52.423 [main] INFO   c.z.h.HikariDataSource - HikariPool-1 - Starting...
13.02.2023 02:20:53.237 [main] INFO   c.z.h.HikariDataSource - HikariPool-1 - Start completed.
13.02.2023 02:20:53.905 [main] INFO   liquibase.database - Set default schema name to public
13.02.2023 02:20:54.231 [main] INFO   l.lockservice - Successfully acquired change log lock
13.02.2023 02:20:56.198 [main] INFO   liquibase.changelog - Reading from public.databasechangelog
13.02.2023 02:20:56.447 [main] INFO   l.lockservice - Successfully released change log lock
13.02.2023 02:20:57.015 [main] INFO   o.h.j.i.u.LogHelper - HHH000204: Processing PersistenceUnitInfo [name: default]
13.02.2023 02:20:57.575 [main] INFO   o.hibernate.Version - HHH000412: Hibernate ORM core version 5.6.7.Final
13.02.2023 02:20:58.634 [main] INFO   o.h.a.common.Version - HCANN000001: Hibernate Commons Annotations {5.1.2.Final}
13.02.2023 02:20:59.442 [main] INFO   o.h.dialect.Dialect - HHH000400: Using dialect: org.hibernate.dialect.MySQL8Dialect
13.02.2023 02:21:00.701 [main] ERROR  o.s.o.j.LocalContainerEntityManagerFactoryBean - Failed to initialize JPA EntityManagerFactory: @OneToOne or @ManyToOne on com.springboot.model.District.user references an unknown entity: java.util.List
13.02.2023 02:21:00.704 [main] WARN   o.s.b.w.s.c.AnnotationConfigServletWebServerApplicationContext - Exception encountered during context initialization - cancelling refresh attempt: org.springframework.beans.factory.BeanCreationException: Error creating bean with name 'entityManagerFactory' defined in class path resource [org/springframework/boot/autoconfigure/orm/jpa/HibernateJpaConfiguration.class]: Invocation of init method failed; nested exception is org.hibernate.AnnotationException: @OneToOne or @ManyToOne on com.springboot.model.District.user references an unknown entity: java.util.List
13.02.2023 02:21:00.705 [main] INFO   c.z.h.HikariDataSource - HikariPool-1 - Shutdown initiated...
13.02.2023 02:21:00.739 [main] INFO   c.z.h.HikariDataSource - HikariPool-1 - Shutdown completed.
13.02.2023 02:21:00.807 [main] INFO   o.a.c.c.StandardService - Stopping service [Tomcat]
13.02.2023 02:21:01.062 [main] INFO   o.s.b.a.l.ConditionEvaluationReportLoggingListener - 

Error starting ApplicationContext. To display the conditions report re-run your application with 'debug' enabled.
13.02.2023 02:21:01.263 [main] ERROR  o.s.b.SpringApplication - Application run failed
org.springframework.beans.factory.BeanCreationException: Error creating bean with name 'entityManagerFactory' defined in class path resource [org/springframework/boot/autoconfigure/orm/jpa/HibernateJpaConfiguration.class]: Invocation of init method failed; nested exception is org.hibernate.AnnotationException: @OneToOne or @ManyToOne on com.springboot.model.District.user references an unknown entity: java.util.List
	at org.springframework.beans.factory.support.AbstractAutowireCapableBeanFactory.initializeBean(AbstractAutowireCapableBeanFactory.java:1804)
	at org.springframework.beans.factory.support.AbstractAutowireCapableBeanFactory.doCreateBean(AbstractAutowireCapableBeanFactory.java:620)
	at org.springframework.beans.factory.support.AbstractAutowireCapableBeanFactory.createBean(AbstractAutowireCapableBeanFactory.java:542)
	at org.springframework.beans.factory.support.AbstractBeanFactory.lambda$doGetBean$0(AbstractBeanFactory.java:335)
	at org.springframework.beans.factory.support.DefaultSingletonBeanRegistry.getSingleton(DefaultSingletonBeanRegistry.java:234)
	at org.springframework.beans.factory.support.AbstractBeanFactory.doGetBean(AbstractBeanFactory.java:333)
	at org.springframework.beans.factory.support.AbstractBeanFactory.getBean(AbstractBeanFactory.java:208)
	at org.springframework.context.support.AbstractApplicationContext.getBean(AbstractApplicationContext.java:1154)
	at org.springframework.context.support.AbstractApplicationContext.finishBeanFactoryInitialization(AbstractApplicationContext.java:908)
	at org.springframework.context.support.AbstractApplicationContext.refresh(AbstractApplicationContext.java:583)
	at org.springframework.boot.web.servlet.context.ServletWebServerApplicationContext.refresh(ServletWebServerApplicationContext.java:145)
	at org.springframework.boot.SpringApplication.refresh(SpringApplication.java:740)
	at org.springframework.boot.SpringApplication.refreshContext(SpringApplication.java:415)
	at org.springframework.boot.SpringApplication.run(SpringApplication.java:303)
	at org.springframework.boot.SpringApplication.run(SpringApplication.java:1312)
	at org.springframework.boot.SpringApplication.run(SpringApplication.java:1301)
	at com.springboot.Application.main(Application.java:10)
Caused by: org.hibernate.AnnotationException: @OneToOne or @ManyToOne on com.springboot.model.District.user references an unknown entity: java.util.List
	at org.hibernate.cfg.ToOneFkSecondPass.doSecondPass(ToOneFkSecondPass.java:100)
	at org.hibernate.boot.internal.InFlightMetadataCollectorImpl.processEndOfQueue(InFlightMetadataCollectorImpl.java:1750)
	at org.hibernate.boot.internal.InFlightMetadataCollectorImpl.processFkSecondPassesInOrder(InFlightMetadataCollectorImpl.java:1694)
	at org.hibernate.boot.internal.InFlightMetadataCollectorImpl.processSecondPasses(InFlightMetadataCollectorImpl.java:1623)
	at org.hibernate.boot.model.process.spi.MetadataBuildingProcess.complete(MetadataBuildingProcess.java:295)
	at org.hibernate.jpa.boot.internal.EntityManagerFactoryBuilderImpl.metadata(EntityManagerFactoryBuilderImpl.java:1460)
	at org.hibernate.jpa.boot.internal.EntityManagerFactoryBuilderImpl.build(EntityManagerFactoryBuilderImpl.java:1494)
	at org.springframework.orm.jpa.vendor.SpringHibernateJpaPersistenceProvider.createContainerEntityManagerFactory(SpringHibernateJpaPersistenceProvider.java:58)
	at org.springframework.orm.jpa.LocalContainerEntityManagerFactoryBean.createNativeEntityManagerFactory(LocalContainerEntityManagerFactoryBean.java:365)
	at org.springframework.orm.jpa.AbstractEntityManagerFactoryBean.buildNativeEntityManagerFactory(AbstractEntityManagerFactoryBean.java:409)
	at org.springframework.orm.jpa.AbstractEntityManagerFactoryBean.afterPropertiesSet(AbstractEntityManagerFactoryBean.java:396)
	at org.springframework.orm.jpa.LocalContainerEntityManagerFactoryBean.afterPropertiesSet(LocalContainerEntityManagerFactoryBean.java:341)
	at org.springframework.beans.factory.support.AbstractAutowireCapableBeanFactory.invokeInitMethods(AbstractAutowireCapableBeanFactory.java:1863)
	at org.springframework.beans.factory.support.AbstractAutowireCapableBeanFactory.initializeBean(AbstractAutowireCapableBeanFactory.java:1800)
	... 16 common frames omitted
13.02.2023 02:21:41.478 [main] INFO   c.s.Application - Starting Application using Java 11 on WIN-H6PHLIP40OV with PID 5252 (C:\Users\user\IdeaProjects\CrudBoost\target\classes started by user in C:\Users\user\IdeaProjects\CrudBoost)
13.02.2023 02:21:41.525 [main] INFO   c.s.Application - No active profile set, falling back to 1 default profile: "default"
13.02.2023 02:21:45.572 [main] INFO   o.s.d.r.c.RepositoryConfigurationDelegate - Bootstrapping Spring Data JPA repositories in DEFAULT mode.
13.02.2023 02:21:45.812 [main] INFO   o.s.d.r.c.RepositoryConfigurationDelegate - Finished Spring Data repository scanning in 157 ms. Found 2 JPA repository interfaces.
13.02.2023 02:21:49.283 [main] INFO   o.s.b.w.e.t.TomcatWebServer - Tomcat initialized with port(s): 8080 (http)
13.02.2023 02:21:49.316 [main] INFO   o.a.c.h.Http11NioProtocol - Initializing ProtocolHandler ["http-nio-8080"]
13.02.2023 02:21:49.317 [main] INFO   o.a.c.c.StandardService - Starting service [Tomcat]
13.02.2023 02:21:49.318 [main] INFO   o.a.c.c.StandardEngine - Starting Servlet engine: [Apache Tomcat/9.0.60]
13.02.2023 02:21:49.714 [main] INFO   o.a.c.c.C.[.[.[/] - Initializing Spring embedded WebApplicationContext
13.02.2023 02:21:49.714 [main] INFO   o.s.b.w.s.c.ServletWebServerApplicationContext - Root WebApplicationContext: initialization completed in 7875 ms
13.02.2023 02:21:50.730 [main] INFO   c.z.h.HikariDataSource - HikariPool-1 - Starting...
13.02.2023 02:21:51.302 [main] INFO   c.z.h.HikariDataSource - HikariPool-1 - Start completed.
13.02.2023 02:21:51.881 [main] INFO   liquibase.database - Set default schema name to public
13.02.2023 02:21:52.211 [main] INFO   l.lockservice - Successfully acquired change log lock
13.02.2023 02:21:54.105 [main] INFO   liquibase.changelog - Reading from public.databasechangelog
13.02.2023 02:21:54.296 [main] INFO   l.lockservice - Successfully released change log lock
13.02.2023 02:21:54.730 [main] INFO   o.h.j.i.u.LogHelper - HHH000204: Processing PersistenceUnitInfo [name: default]
13.02.2023 02:21:55.029 [main] INFO   o.hibernate.Version - HHH000412: Hibernate ORM core version 5.6.7.Final
13.02.2023 02:21:55.740 [main] INFO   o.h.a.common.Version - HCANN000001: Hibernate Commons Annotations {5.1.2.Final}
13.02.2023 02:21:56.090 [main] INFO   o.h.dialect.Dialect - HHH000400: Using dialect: org.hibernate.dialect.MySQL8Dialect
13.02.2023 02:21:57.808 [main] INFO   o.h.e.t.j.p.i.JtaPlatformInitiator - HHH000490: Using JtaPlatform implementation: [org.hibernate.engine.transaction.jta.platform.internal.NoJtaPlatform]
13.02.2023 02:21:57.825 [main] INFO   o.s.o.j.LocalContainerEntityManagerFactoryBean - Initialized JPA EntityManagerFactory for persistence unit 'default'
13.02.2023 02:22:00.330 [main] INFO   o.s.s.w.DefaultSecurityFilterChain - Creating filter chain: any request, [org.springframework.security.web.context.request.async.WebAsyncManagerIntegrationFilter@7364073b, org.springframework.security.web.context.SecurityContextPersistenceFilter@73db1a6, org.springframework.security.web.header.HeaderWriterFilter@174aabb2, org.springframework.security.web.authentication.logout.LogoutFilter@3fae357f, org.springframework.security.web.authentication.UsernamePasswordAuthenticationFilter@50bc0bbd, org.springframework.security.web.savedrequest.RequestCacheAwareFilter@2c28654e, org.springframework.security.web.servletapi.SecurityContextHolderAwareRequestFilter@3ca564aa, org.springframework.security.web.authentication.AnonymousAuthenticationFilter@50331591, org.springframework.security.web.session.SessionManagementFilter@678b3746, org.springframework.security.web.access.ExceptionTranslationFilter@7a05cdc8, org.springframework.security.web.access.intercept.FilterSecurityInterceptor@655b9169]
13.02.2023 02:22:01.501 [main] INFO   o.a.c.h.Http11NioProtocol - Starting ProtocolHandler ["http-nio-8080"]
13.02.2023 02:22:01.554 [main] INFO   o.s.b.w.e.t.TomcatWebServer - Tomcat started on port(s): 8080 (http) with context path ''
13.02.2023 02:22:01.583 [main] INFO   c.s.Application - Started Application in 22.377 seconds (JVM running for 24.552)
13.02.2023 10:23:09.995 [main] INFO   c.s.Application - Starting Application using Java 11 on WIN-H6PHLIP40OV with PID 4116 (C:\Users\user\IdeaProjects\CrudBoost\target\classes started by user in C:\Users\user\IdeaProjects\CrudBoost)
13.02.2023 10:23:10.002 [main] INFO   c.s.Application - No active profile set, falling back to 1 default profile: "default"
13.02.2023 10:23:12.424 [main] INFO   o.s.d.r.c.RepositoryConfigurationDelegate - Bootstrapping Spring Data JPA repositories in DEFAULT mode.
13.02.2023 10:23:12.659 [main] INFO   o.s.d.r.c.RepositoryConfigurationDelegate - Finished Spring Data repository scanning in 204 ms. Found 2 JPA repository interfaces.
13.02.2023 10:23:15.096 [main] INFO   o.s.b.w.e.t.TomcatWebServer - Tomcat initialized with port(s): 8080 (http)
13.02.2023 10:23:15.124 [main] INFO   o.a.c.h.Http11NioProtocol - Initializing ProtocolHandler ["http-nio-8080"]
13.02.2023 10:23:15.125 [main] INFO   o.a.c.c.StandardService - Starting service [Tomcat]
13.02.2023 10:23:15.125 [main] INFO   o.a.c.c.StandardEngine - Starting Servlet engine: [Apache Tomcat/9.0.60]
13.02.2023 10:23:15.478 [main] INFO   o.a.c.c.C.[.[.[/] - Initializing Spring embedded WebApplicationContext
13.02.2023 10:23:15.479 [main] INFO   o.s.b.w.s.c.ServletWebServerApplicationContext - Root WebApplicationContext: initialization completed in 5321 ms
13.02.2023 10:23:16.365 [main] INFO   c.z.h.HikariDataSource - HikariPool-1 - Starting...
13.02.2023 10:23:17.171 [main] INFO   c.z.h.HikariDataSource - HikariPool-1 - Start completed.
13.02.2023 10:23:17.848 [main] INFO   liquibase.database - Set default schema name to public
13.02.2023 10:23:18.262 [main] INFO   l.lockservice - Successfully acquired change log lock
13.02.2023 10:23:19.970 [main] INFO   liquibase.changelog - Reading from public.databasechangelog
13.02.2023 10:23:20.266 [main] INFO   l.lockservice - Successfully released change log lock
13.02.2023 10:23:21.020 [main] INFO   o.h.j.i.u.LogHelper - HHH000204: Processing PersistenceUnitInfo [name: default]
13.02.2023 10:23:21.241 [main] INFO   o.hibernate.Version - HHH000412: Hibernate ORM core version 5.6.7.Final
13.02.2023 10:23:21.920 [main] INFO   o.h.a.common.Version - HCANN000001: Hibernate Commons Annotations {5.1.2.Final}
13.02.2023 10:23:22.511 [main] INFO   o.h.dialect.Dialect - HHH000400: Using dialect: org.hibernate.dialect.MySQL8Dialect
13.02.2023 10:23:24.817 [main] INFO   o.h.e.t.j.p.i.JtaPlatformInitiator - HHH000490: Using JtaPlatform implementation: [org.hibernate.engine.transaction.jta.platform.internal.NoJtaPlatform]
13.02.2023 10:23:24.833 [main] INFO   o.s.o.j.LocalContainerEntityManagerFactoryBean - Initialized JPA EntityManagerFactory for persistence unit 'default'
13.02.2023 10:23:26.762 [main] INFO   o.s.s.w.DefaultSecurityFilterChain - Creating filter chain: any request, [org.springframework.security.web.context.request.async.WebAsyncManagerIntegrationFilter@3f7f9d3f, org.springframework.security.web.context.SecurityContextPersistenceFilter@425376cc, org.springframework.security.web.header.HeaderWriterFilter@1eb207c3, org.springframework.security.web.authentication.logout.LogoutFilter@73db1a6, org.springframework.security.web.authentication.UsernamePasswordAuthenticationFilter@12a7515b, org.springframework.security.web.savedrequest.RequestCacheAwareFilter@6b44121e, org.springframework.security.web.servletapi.SecurityContextHolderAwareRequestFilter@1c3400df, org.springframework.security.web.authentication.AnonymousAuthenticationFilter@62966c9f, org.springframework.security.web.session.SessionManagementFilter@6b8a9e1, org.springframework.security.web.access.ExceptionTranslationFilter@85fd4b, org.springframework.security.web.access.intercept.FilterSecurityInterceptor@48861d1]
13.02.2023 10:23:27.594 [main] INFO   o.a.c.h.Http11NioProtocol - Starting ProtocolHandler ["http-nio-8080"]
13.02.2023 10:23:27.659 [main] INFO   o.s.b.w.e.t.TomcatWebServer - Tomcat started on port(s): 8080 (http) with context path ''
13.02.2023 10:23:27.683 [main] INFO   c.s.Application - Started Application in 18.939 seconds (JVM running for 25.153)
13.02.2023 17:20:57.336 [main] INFO   c.s.Application - Starting Application using Java 11 on WIN-H6PHLIP40OV with PID 3736 (C:\Users\user\IdeaProjects\CrudBoost\target\classes started by user in C:\Users\user\IdeaProjects\CrudBoost)
13.02.2023 17:20:57.348 [main] INFO   c.s.Application - No active profile set, falling back to 1 default profile: "default"
13.02.2023 17:20:59.646 [main] INFO   o.s.d.r.c.RepositoryConfigurationDelegate - Bootstrapping Spring Data JPA repositories in DEFAULT mode.
13.02.2023 17:20:59.813 [main] INFO   o.s.d.r.c.RepositoryConfigurationDelegate - Finished Spring Data repository scanning in 136 ms. Found 2 JPA repository interfaces.
13.02.2023 17:21:02.391 [main] INFO   o.s.b.w.e.t.TomcatWebServer - Tomcat initialized with port(s): 8080 (http)
13.02.2023 17:21:02.423 [main] INFO   o.a.c.h.Http11NioProtocol - Initializing ProtocolHandler ["http-nio-8080"]
13.02.2023 17:21:02.424 [main] INFO   o.a.c.c.StandardService - Starting service [Tomcat]
13.02.2023 17:21:02.426 [main] INFO   o.a.c.c.StandardEngine - Starting Servlet engine: [Apache Tomcat/9.0.60]
13.02.2023 17:21:02.815 [main] INFO   o.a.c.c.C.[.[.[/] - Initializing Spring embedded WebApplicationContext
13.02.2023 17:21:02.816 [main] INFO   o.s.b.w.s.c.ServletWebServerApplicationContext - Root WebApplicationContext: initialization completed in 5305 ms
13.02.2023 17:21:03.804 [main] INFO   c.z.h.HikariDataSource - HikariPool-1 - Starting...
13.02.2023 17:21:04.438 [main] INFO   c.z.h.HikariDataSource - HikariPool-1 - Start completed.
13.02.2023 17:21:04.934 [main] INFO   liquibase.database - Set default schema name to public
13.02.2023 17:21:05.220 [main] INFO   l.lockservice - Successfully acquired change log lock
13.02.2023 17:21:06.943 [main] INFO   liquibase.changelog - Reading from public.databasechangelog
13.02.2023 17:21:07.117 [main] INFO   l.lockservice - Successfully released change log lock
13.02.2023 17:21:07.628 [main] INFO   o.h.j.i.u.LogHelper - HHH000204: Processing PersistenceUnitInfo [name: default]
13.02.2023 17:21:07.879 [main] INFO   o.hibernate.Version - HHH000412: Hibernate ORM core version 5.6.7.Final
13.02.2023 17:21:08.479 [main] INFO   o.h.a.common.Version - HCANN000001: Hibernate Commons Annotations {5.1.2.Final}
13.02.2023 17:21:08.894 [main] INFO   o.h.dialect.Dialect - HHH000400: Using dialect: org.hibernate.dialect.MySQL8Dialect
13.02.2023 17:21:10.874 [main] INFO   o.h.e.t.j.p.i.JtaPlatformInitiator - HHH000490: Using JtaPlatform implementation: [org.hibernate.engine.transaction.jta.platform.internal.NoJtaPlatform]
13.02.2023 17:21:10.897 [main] INFO   o.s.o.j.LocalContainerEntityManagerFactoryBean - Initialized JPA EntityManagerFactory for persistence unit 'default'
13.02.2023 17:21:13.197 [main] INFO   o.s.s.w.DefaultSecurityFilterChain - Creating filter chain: any request, [org.springframework.security.web.context.request.async.WebAsyncManagerIntegrationFilter@7364073b, org.springframework.security.web.context.SecurityContextPersistenceFilter@73db1a6, org.springframework.security.web.header.HeaderWriterFilter@174aabb2, org.springframework.security.web.authentication.logout.LogoutFilter@3fae357f, org.springframework.security.web.authentication.UsernamePasswordAuthenticationFilter@50bc0bbd, org.springframework.security.web.savedrequest.RequestCacheAwareFilter@2c28654e, org.springframework.security.web.servletapi.SecurityContextHolderAwareRequestFilter@3ca564aa, org.springframework.security.web.authentication.AnonymousAuthenticationFilter@50331591, org.springframework.security.web.session.SessionManagementFilter@678b3746, org.springframework.security.web.access.ExceptionTranslationFilter@7a05cdc8, org.springframework.security.web.access.intercept.FilterSecurityInterceptor@655b9169]
13.02.2023 17:21:14.276 [main] INFO   o.a.c.h.Http11NioProtocol - Starting ProtocolHandler ["http-nio-8080"]
13.02.2023 17:21:14.331 [main] INFO   o.s.b.w.e.t.TomcatWebServer - Tomcat started on port(s): 8080 (http) with context path ''
13.02.2023 17:21:14.357 [main] INFO   c.s.Application - Started Application in 18.19 seconds (JVM running for 19.935)
